11:26:40 **** Rebuild of configuration Debug for project PSP_II_Kolok_3 ****
Info: Internal Builder is used for build
g++ -O0 -g3 -Wall -c -fmessage-length=0 -o main.o "..\\main.cpp" 
..\main.cpp: In function 'int main()':
..\main.cpp:131:71: warning: ISO C++ forbids converting a string constant to 'char*' [-Wwrite-strings]
  kadar[0] = new Profesor("Petko","Petkov",23131,"KTI",20000,p1,3,10,20);
                                                                       ^
..\main.cpp:132:67: warning: ISO C++ forbids converting a string constant to 'char*' [-Wwrite-strings]
  kadar[1] = new Asistent("Ana","Aneva",23131,"TK",15000,p1,3,false);
                                                                   ^
..\main.cpp:133:73: warning: ISO C++ forbids converting a string constant to 'char*' [-Wwrite-strings]
  kadar[2] = new Profesor("Goran","Mishevski",42142,"TK",20000,p1,3,15,10);
                                                                         ^
..\main.cpp:134:72: warning: ISO C++ forbids converting a string constant to 'char*' [-Wwrite-strings]
  kadar[3] = new Profesor("Marija","Kolevska",56565,"TK",20000,p1,3,5,30);
                                                                        ^
..\main.cpp:135:69: warning: ISO C++ forbids converting a string constant to 'char*' [-Wwrite-strings]
  kadar[4] = new Asistent("Zoran","Janev",78799,"KTI",20000,p1,3,true);
                                                                     ^
..\main.cpp:137:35: warning: ISO C++ forbids converting a string constant to 'char*' [-Wwrite-strings]
  najplatenNaInstitut("KTI",kadar,5);
                                   ^
..\main.cpp:138:34: warning: ISO C++ forbids converting a string constant to 'char*' [-Wwrite-strings]
  najplatenNaInstitut("TK",kadar,5);
                                  ^
g++ -o PSP_II_Kolok_3.exe main.o 

11:26:43 Build Finished. 0 errors, 7 warnings. (took 2s.475ms)

